<?xml version="1.0" encoding="UTF-8"?>
<!-- Generated by org.testng.reporters.JUnitReportReporter -->
<testsuite skipped="0" hostname="MTVL1538c7aee.local" name="com.webdam.interview.sample.SearchTest" tests="2" failures="0" timestamp="27 Aug 2017 18:03:58 GMT" time="0.991" errors="0">
  <testcase name="getSearchWithQuery" time="0.357" classname="com.webdam.interview.sample.SearchTest"/>
  <testcase name="getSearch" time="0.634" classname="com.webdam.interview.sample.SearchTest"/>
</testsuite> <!-- com.webdam.interview.sample.SearchTest -->
