<?xml version="1.0" encoding="UTF-8"?>
<!-- Generated by org.testng.reporters.JUnitReportReporter -->
<testsuite skipped="0" hostname="MTVL1538c7aee.local" name="com.webdam.interview.sample.LogoutUserTest" tests="2" failures="0" timestamp="27 Aug 2017 18:03:58 GMT" time="0.681" errors="0">
  <testcase name="getLogout" time="0.356" classname="com.webdam.interview.sample.LogoutUserTest"/>
  <testcase name="headLogout" time="0.325" classname="com.webdam.interview.sample.LogoutUserTest"/>
</testsuite> <!-- com.webdam.interview.sample.LogoutUserTest -->
