<?xml version="1.0" encoding="UTF-8"?>
<!-- Generated by org.testng.reporters.JUnitReportReporter -->
<testsuite skipped="0" hostname="MTVL1538c7aee.local" name="com.webdam.interview.sample.LoginUserTest" tests="6" failures="0" timestamp="27 Aug 2017 18:03:58 GMT" time="2.609" errors="0">
  <testcase name="verifyHeadLoginResponseCodeWithValidAccessToken" time="0.378" classname="com.webdam.interview.sample.LoginUserTest"/>
  <testcase name="verifyGetLoginResponseCodeWithValidAccessToken" time="0.319" classname="com.webdam.interview.sample.LoginUserTest"/>
  <testcase name="headLogin" time="0.325" classname="com.webdam.interview.sample.LoginUserTest"/>
  <testcase name="verifyGetLoginResponseBodyWithInValidAccessToken" time="0.830" classname="com.webdam.interview.sample.LoginUserTest"/>
  <testcase name="verifyHeadLoginResponseCodeWithInValidAccessToken" time="0.340" classname="com.webdam.interview.sample.LoginUserTest"/>
  <testcase name="verifyGetLoginResponseCodeWithInValidAccessToken" time="0.417" classname="com.webdam.interview.sample.LoginUserTest"/>
</testsuite> <!-- com.webdam.interview.sample.LoginUserTest -->
