<?xml version="1.0" encoding="UTF-8"?>
<!-- Generated by org.testng.reporters.JUnitReportReporter -->
<testsuite skipped="0" hostname="MTVL1538c7aee.local" name="com.webdam.interview.sample.NewTest" tests="1" failures="0" timestamp="26 Aug 2017 18:22:50 GMT" time="0.004" errors="0">
  <testcase name="f" time="0.004" classname="com.webdam.interview.sample.NewTest"/>
</testsuite> <!-- com.webdam.interview.sample.NewTest -->
