<?xml version="1.0" encoding="UTF-8"?>
<!-- Generated by org.testng.reporters.JUnitReportReporter -->
<testsuite skipped="0" hostname="MTVL1538c7aee.local" name="com.webdam.interview.sample.AssetsTest" tests="6" failures="0" timestamp="27 Aug 2017 18:03:58 GMT" time="10.060" errors="0">
  <testcase name="getSearch" time="2.257" classname="com.webdam.interview.sample.AssetsTest"/>
  <testcase name="getAssetsById" time="1.833" classname="com.webdam.interview.sample.AssetsTest"/>
  <testcase name="headSearch" time="0.471" classname="com.webdam.interview.sample.AssetsTest"/>
  <testcase name="headAssetsById" time="1.833" classname="com.webdam.interview.sample.AssetsTest"/>
  <testcase name="headAssets" time="1.833" classname="com.webdam.interview.sample.AssetsTest"/>
  <testcase name="getAssets" time="1.833" classname="com.webdam.interview.sample.AssetsTest"/>
</testsuite> <!-- com.webdam.interview.sample.AssetsTest -->
